<?xml version="1.0" encoding="UTF-8"?>
<testng-results skipped="0" failed="0" total="1" passed="1">
  <reporter-output>
  </reporter-output>
  <suite name="Command line suite" duration-ms="6180900" started-at="2015-03-21T02:02:00Z" finished-at="2015-03-21T03:45:01Z">
    <groups>
    </groups>
    <test name="Command line test" duration-ms="6180900" started-at="2015-03-21T02:02:00Z" finished-at="2015-03-21T03:45:01Z">
      <class name="threshold.mr04.SignatureTest">
        <test-method status="PASS" signature="testMain()[pri:0, instance:null]" name="testMain" duration-ms="6180808" started-at="2015-03-21T09:02:00Z" finished-at="2015-03-21T10:45:01Z">
          <reporter-output>
          </reporter-output>
        </test-method> <!-- testMain -->
      </class> <!-- threshold.mr04.SignatureTest -->
    </test> <!-- Command line test -->
  </suite> <!-- Command line suite -->
</testng-results>
